Arguments: 
  /usr/local/bin/node /usr/local/bin/yarn add friendly-errors-webpack-plugin

PATH: 
  /Users/lin/Tools/flutter/bin:/Users/lin/Tools/flutter/bin:/usr/local/bin:/usr/bin:/bin:/usr/sbin:/sbin:/usr/local/go/bin:/Library/Apple/usr/bin:/Users/lin/Tools/flutter/bin:/Users/lin/Library/Android/sdk/platform-tools:/Users/lin/Library/Android/sdk/platform-tools:/Users/lin/Library/Android/sdk/platform-tools

Yarn version: 
  1.22.4

Node version: 
  16.13.1

Platform: 
  darwin x64

Trace: 
  Error: ENOENT: no such file or directory, copyfile '/Users/lin/Library/Caches/Yarn/v6/npm-ansi-regex-3.0.0-ed0317c322064f79466c02966bddb605ab37d998-integrity/node_modules/ansi-regex/index.js' -> '/Users/lin/Career/web-search/node_modules/string-width/node_modules/ansi-regex/index.js'

npm manifest: 
  {
    "name": "web-search",
    "version": "1.0.0",
    "description": "地址：https://lints1995.github.io/web-search/",
    "main": "index.js",
    "scripts": {
      "start": "NODE_ENV=development  webpack serve  --config ./build/dev.js"
    },
    "repository": {
      "type": "git",
      "url": "git+https://github.com/lints1995/web-search.git"
    },
    "author": "lints",
    "license": "ISC",
    "bugs": {
      "url": "https://github.com/lints1995/web-search/issues"
    },
    "homepage": "https://github.com/lints1995/web-search#readme",
    "devDependencies": {
      "html-webpack-plugin": "^5.5.0",
      "ts-loader": "^9.2.6",
      "typescript": "^4.5.4",
      "webpack": "^5.65.0",
      "webpack-cli": "^4.9.1",
      "webpack-dev-server": "^4.7.2"
    }
  }

yarn manifest: 
  No manifest

Lockfile: 
  No lockfile
